<?xml version="1.0" encoding="UTF-8"?>
<testsuite xmlns:xsi="http://www.w3.org/2001/XMLSchema-instance" xsi:noNamespaceSchemaLocation="https://maven.apache.org/surefire/maven-surefire-plugin/xsd/surefire-test-report-3.0.xsd" version="3.0" name="TestSuite" time="66.513" tests="4" errors="0" skipped="0" failures="1">
  <properties>
    <property name="gopherProxySet" value="false"/>
    <property name="awt.toolkit" value="sun.lwawt.macosx.LWCToolkit"/>
    <property name="file.encoding.pkg" value="sun.io"/>
    <property name="java.specification.version" value="1.8"/>
    <property name="sun.cpu.isalist" value=""/>
    <property name="sun.jnu.encoding" value="UTF-8"/>
    <property name="java.class.path" value="/Users/jessica/Documents/workspace/TestK/target/test-classes:/Users/jessica/Documents/workspace/TestK/target/classes:/Users/jessica/.m2/repository/io/appium/java-client/7.5.1/java-client-7.5.1.jar:/Users/jessica/.m2/repository/org/seleniumhq/selenium/selenium-java/3.141.59/selenium-java-3.141.59.jar:/Users/jessica/.m2/repository/org/seleniumhq/selenium/selenium-chrome-driver/3.141.59/selenium-chrome-driver-3.141.59.jar:/Users/jessica/.m2/repository/org/seleniumhq/selenium/selenium-edge-driver/3.141.59/selenium-edge-driver-3.141.59.jar:/Users/jessica/.m2/repository/org/seleniumhq/selenium/selenium-firefox-driver/3.141.59/selenium-firefox-driver-3.141.59.jar:/Users/jessica/.m2/repository/org/seleniumhq/selenium/selenium-ie-driver/3.141.59/selenium-ie-driver-3.141.59.jar:/Users/jessica/.m2/repository/org/seleniumhq/selenium/selenium-opera-driver/3.141.59/selenium-opera-driver-3.141.59.jar:/Users/jessica/.m2/repository/org/seleniumhq/selenium/selenium-remote-driver/3.141.59/selenium-remote-driver-3.141.59.jar:/Users/jessica/.m2/repository/org/seleniumhq/selenium/selenium-safari-driver/3.141.59/selenium-safari-driver-3.141.59.jar:/Users/jessica/.m2/repository/net/bytebuddy/byte-buddy/1.8.15/byte-buddy-1.8.15.jar:/Users/jessica/.m2/repository/org/apache/commons/commons-exec/1.3/commons-exec-1.3.jar:/Users/jessica/.m2/repository/com/squareup/okhttp3/okhttp/3.11.0/okhttp-3.11.0.jar:/Users/jessica/.m2/repository/com/squareup/okio/okio/1.14.0/okio-1.14.0.jar:/Users/jessica/.m2/repository/org/seleniumhq/selenium/selenium-support/3.141.59/selenium-support-3.141.59.jar:/Users/jessica/.m2/repository/org/seleniumhq/selenium/selenium-api/3.141.59/selenium-api-3.141.59.jar:/Users/jessica/.m2/repository/com/google/code/gson/gson/2.8.6/gson-2.8.6.jar:/Users/jessica/.m2/repository/org/apache/httpcomponents/httpclient/4.5.13/httpclient-4.5.13.jar:/Users/jessica/.m2/repository/commons-logging/commons-logging/1.2/commons-logging-1.2.jar:/Users/jessica/.m2/repository/cglib/cglib/3.3.0/cglib-3.3.0.jar:/Users/jessica/.m2/repository/org/ow2/asm/asm/7.1/asm-7.1.jar:/Users/jessica/.m2/repository/commons-validator/commons-validator/1.7/commons-validator-1.7.jar:/Users/jessica/.m2/repository/commons-beanutils/commons-beanutils/1.9.4/commons-beanutils-1.9.4.jar:/Users/jessica/.m2/repository/commons-digester/commons-digester/2.1/commons-digester-2.1.jar:/Users/jessica/.m2/repository/commons-collections/commons-collections/3.2.2/commons-collections-3.2.2.jar:/Users/jessica/.m2/repository/org/apache/commons/commons-lang3/3.12.0/commons-lang3-3.12.0.jar:/Users/jessica/.m2/repository/org/springframework/spring-context/5.3.4/spring-context-5.3.4.jar:/Users/jessica/.m2/repository/org/springframework/spring-aop/5.3.4/spring-aop-5.3.4.jar:/Users/jessica/.m2/repository/org/springframework/spring-beans/5.3.4/spring-beans-5.3.4.jar:/Users/jessica/.m2/repository/org/springframework/spring-core/5.3.4/spring-core-5.3.4.jar:/Users/jessica/.m2/repository/org/springframework/spring-jcl/5.3.4/spring-jcl-5.3.4.jar:/Users/jessica/.m2/repository/org/springframework/spring-expression/5.3.4/spring-expression-5.3.4.jar:/Users/jessica/.m2/repository/org/aspectj/aspectjweaver/1.9.6/aspectjweaver-1.9.6.jar:/Users/jessica/.m2/repository/org/slf4j/slf4j-api/1.7.30/slf4j-api-1.7.30.jar:/Users/jessica/.m2/repository/org/testng/testng/7.4.0/testng-7.4.0.jar:/Users/jessica/.m2/repository/com/beust/jcommander/1.78/jcommander-1.78.jar:/Users/jessica/.m2/repository/org/webjars/jquery/3.5.1/jquery-3.5.1.jar:/Users/jessica/.m2/repository/org/json/json/20210307/json-20210307.jar:/Users/jessica/.m2/repository/commons-io/commons-io/2.8.0/commons-io-2.8.0.jar:/Users/jessica/.m2/repository/commons-codec/commons-codec/1.15/commons-codec-1.15.jar:/Users/jessica/.m2/repository/com/google/api-client/google-api-client/1.32.2/google-api-client-1.32.2.jar:/Users/jessica/.m2/repository/com/google/oauth-client/google-oauth-client/1.32.1/google-oauth-client-1.32.1.jar:/Users/jessica/.m2/repository/com/google/http-client/google-http-client-gson/1.40.1/google-http-client-gson-1.40.1.jar:/Users/jessica/.m2/repository/com/google/http-client/google-http-client-apache-v2/1.40.1/google-http-client-apache-v2-1.40.1.jar:/Users/jessica/.m2/repository/org/apache/httpcomponents/httpcore/4.4.14/httpcore-4.4.14.jar:/Users/jessica/.m2/repository/com/google/http-client/google-http-client/1.40.1/google-http-client-1.40.1.jar:/Users/jessica/.m2/repository/io/opencensus/opencensus-api/0.28.0/opencensus-api-0.28.0.jar:/Users/jessica/.m2/repository/io/grpc/grpc-context/1.27.2/grpc-context-1.27.2.jar:/Users/jessica/.m2/repository/io/opencensus/opencensus-contrib-http-util/0.28.0/opencensus-contrib-http-util-0.28.0.jar:/Users/jessica/.m2/repository/com/codepine/api/testrail-api-java-client/2.0.2/testrail-api-java-client-2.0.2.jar:/Users/jessica/.m2/repository/com/fasterxml/jackson/core/jackson-databind/2.3.1/jackson-databind-2.3.1.jar:/Users/jessica/.m2/repository/com/fasterxml/jackson/core/jackson-annotations/2.3.0/jackson-annotations-2.3.0.jar:/Users/jessica/.m2/repository/com/fasterxml/jackson/core/jackson-core/2.3.1/jackson-core-2.3.1.jar:/Users/jessica/.m2/repository/log4j/log4j/1.2.17/log4j-1.2.17.jar:/Users/jessica/.m2/repository/com/googlecode/json-simple/json-simple/1.1.1/json-simple-1.1.1.jar:/Users/jessica/.m2/repository/junit/junit/4.10/junit-4.10.jar:/Users/jessica/.m2/repository/org/hamcrest/hamcrest-core/1.1/hamcrest-core-1.1.jar:/Users/jessica/.m2/repository/com/google/guava/guava/31.0.1-jre/guava-31.0.1-jre.jar:/Users/jessica/.m2/repository/com/google/guava/failureaccess/1.0.1/failureaccess-1.0.1.jar:/Users/jessica/.m2/repository/com/google/guava/listenablefuture/9999.0-empty-to-avoid-conflict-with-guava/listenablefuture-9999.0-empty-to-avoid-conflict-with-guava.jar:/Users/jessica/.m2/repository/com/google/code/findbugs/jsr305/3.0.2/jsr305-3.0.2.jar:/Users/jessica/.m2/repository/org/checkerframework/checker-qual/3.12.0/checker-qual-3.12.0.jar:/Users/jessica/.m2/repository/com/google/errorprone/error_prone_annotations/2.7.1/error_prone_annotations-2.7.1.jar:/Users/jessica/.m2/repository/com/google/j2objc/j2objc-annotations/1.3/j2objc-annotations-1.3.jar:/Users/jessica/.m2/repository/io/qameta/allure/allure-testng/2.17.3/allure-testng-2.17.3.jar:/Users/jessica/.m2/repository/io/qameta/allure/allure-java-commons/2.17.3/allure-java-commons-2.17.3.jar:/Users/jessica/.m2/repository/io/qameta/allure/allure-model/2.17.3/allure-model-2.17.3.jar:/Users/jessica/.m2/repository/io/qameta/allure/allure-test-filter/2.17.3/allure-test-filter-2.17.3.jar:"/>
    <property name="java.vm.vendor" value="Oracle Corporation"/>
    <property name="sun.arch.data.model" value="64"/>
    <property name="java.vendor.url" value="http://java.oracle.com/"/>
    <property name="user.timezone" value="America/Denver"/>
    <property name="java.vm.specification.version" value="1.8"/>
    <property name="os.name" value="Mac OS X"/>
    <property name="user.country" value="US"/>
    <property name="sun.java.launcher" value="SUN_STANDARD"/>
    <property name="sun.boot.library.path" value="/Library/Java/JavaVirtualMachines/jdk1.8.0_311.jdk/Contents/Home/jre/lib"/>
    <property name="sun.java.command" value="/Users/jessica/Documents/workspace/TestK/target/surefire/surefirebooter4437969012363203613.jar /Users/jessica/Documents/workspace/TestK/target/surefire 2022-04-23T21-16-10_752-jvmRun1 surefire8336831967353399320tmp surefire_01630965724087627096tmp"/>
    <property name="surefire.test.class.path" value="/Users/jessica/Documents/workspace/TestK/target/test-classes:/Users/jessica/Documents/workspace/TestK/target/classes:/Users/jessica/.m2/repository/io/appium/java-client/7.5.1/java-client-7.5.1.jar:/Users/jessica/.m2/repository/org/seleniumhq/selenium/selenium-java/3.141.59/selenium-java-3.141.59.jar:/Users/jessica/.m2/repository/org/seleniumhq/selenium/selenium-chrome-driver/3.141.59/selenium-chrome-driver-3.141.59.jar:/Users/jessica/.m2/repository/org/seleniumhq/selenium/selenium-edge-driver/3.141.59/selenium-edge-driver-3.141.59.jar:/Users/jessica/.m2/repository/org/seleniumhq/selenium/selenium-firefox-driver/3.141.59/selenium-firefox-driver-3.141.59.jar:/Users/jessica/.m2/repository/org/seleniumhq/selenium/selenium-ie-driver/3.141.59/selenium-ie-driver-3.141.59.jar:/Users/jessica/.m2/repository/org/seleniumhq/selenium/selenium-opera-driver/3.141.59/selenium-opera-driver-3.141.59.jar:/Users/jessica/.m2/repository/org/seleniumhq/selenium/selenium-remote-driver/3.141.59/selenium-remote-driver-3.141.59.jar:/Users/jessica/.m2/repository/org/seleniumhq/selenium/selenium-safari-driver/3.141.59/selenium-safari-driver-3.141.59.jar:/Users/jessica/.m2/repository/net/bytebuddy/byte-buddy/1.8.15/byte-buddy-1.8.15.jar:/Users/jessica/.m2/repository/org/apache/commons/commons-exec/1.3/commons-exec-1.3.jar:/Users/jessica/.m2/repository/com/squareup/okhttp3/okhttp/3.11.0/okhttp-3.11.0.jar:/Users/jessica/.m2/repository/com/squareup/okio/okio/1.14.0/okio-1.14.0.jar:/Users/jessica/.m2/repository/org/seleniumhq/selenium/selenium-support/3.141.59/selenium-support-3.141.59.jar:/Users/jessica/.m2/repository/org/seleniumhq/selenium/selenium-api/3.141.59/selenium-api-3.141.59.jar:/Users/jessica/.m2/repository/com/google/code/gson/gson/2.8.6/gson-2.8.6.jar:/Users/jessica/.m2/repository/org/apache/httpcomponents/httpclient/4.5.13/httpclient-4.5.13.jar:/Users/jessica/.m2/repository/commons-logging/commons-logging/1.2/commons-logging-1.2.jar:/Users/jessica/.m2/repository/cglib/cglib/3.3.0/cglib-3.3.0.jar:/Users/jessica/.m2/repository/org/ow2/asm/asm/7.1/asm-7.1.jar:/Users/jessica/.m2/repository/commons-validator/commons-validator/1.7/commons-validator-1.7.jar:/Users/jessica/.m2/repository/commons-beanutils/commons-beanutils/1.9.4/commons-beanutils-1.9.4.jar:/Users/jessica/.m2/repository/commons-digester/commons-digester/2.1/commons-digester-2.1.jar:/Users/jessica/.m2/repository/commons-collections/commons-collections/3.2.2/commons-collections-3.2.2.jar:/Users/jessica/.m2/repository/org/apache/commons/commons-lang3/3.12.0/commons-lang3-3.12.0.jar:/Users/jessica/.m2/repository/org/springframework/spring-context/5.3.4/spring-context-5.3.4.jar:/Users/jessica/.m2/repository/org/springframework/spring-aop/5.3.4/spring-aop-5.3.4.jar:/Users/jessica/.m2/repository/org/springframework/spring-beans/5.3.4/spring-beans-5.3.4.jar:/Users/jessica/.m2/repository/org/springframework/spring-core/5.3.4/spring-core-5.3.4.jar:/Users/jessica/.m2/repository/org/springframework/spring-jcl/5.3.4/spring-jcl-5.3.4.jar:/Users/jessica/.m2/repository/org/springframework/spring-expression/5.3.4/spring-expression-5.3.4.jar:/Users/jessica/.m2/repository/org/aspectj/aspectjweaver/1.9.6/aspectjweaver-1.9.6.jar:/Users/jessica/.m2/repository/org/slf4j/slf4j-api/1.7.30/slf4j-api-1.7.30.jar:/Users/jessica/.m2/repository/org/testng/testng/7.4.0/testng-7.4.0.jar:/Users/jessica/.m2/repository/com/beust/jcommander/1.78/jcommander-1.78.jar:/Users/jessica/.m2/repository/org/webjars/jquery/3.5.1/jquery-3.5.1.jar:/Users/jessica/.m2/repository/org/json/json/20210307/json-20210307.jar:/Users/jessica/.m2/repository/commons-io/commons-io/2.8.0/commons-io-2.8.0.jar:/Users/jessica/.m2/repository/commons-codec/commons-codec/1.15/commons-codec-1.15.jar:/Users/jessica/.m2/repository/com/google/api-client/google-api-client/1.32.2/google-api-client-1.32.2.jar:/Users/jessica/.m2/repository/com/google/oauth-client/google-oauth-client/1.32.1/google-oauth-client-1.32.1.jar:/Users/jessica/.m2/repository/com/google/http-client/google-http-client-gson/1.40.1/google-http-client-gson-1.40.1.jar:/Users/jessica/.m2/repository/com/google/http-client/google-http-client-apache-v2/1.40.1/google-http-client-apache-v2-1.40.1.jar:/Users/jessica/.m2/repository/org/apache/httpcomponents/httpcore/4.4.14/httpcore-4.4.14.jar:/Users/jessica/.m2/repository/com/google/http-client/google-http-client/1.40.1/google-http-client-1.40.1.jar:/Users/jessica/.m2/repository/io/opencensus/opencensus-api/0.28.0/opencensus-api-0.28.0.jar:/Users/jessica/.m2/repository/io/grpc/grpc-context/1.27.2/grpc-context-1.27.2.jar:/Users/jessica/.m2/repository/io/opencensus/opencensus-contrib-http-util/0.28.0/opencensus-contrib-http-util-0.28.0.jar:/Users/jessica/.m2/repository/com/codepine/api/testrail-api-java-client/2.0.2/testrail-api-java-client-2.0.2.jar:/Users/jessica/.m2/repository/com/fasterxml/jackson/core/jackson-databind/2.3.1/jackson-databind-2.3.1.jar:/Users/jessica/.m2/repository/com/fasterxml/jackson/core/jackson-annotations/2.3.0/jackson-annotations-2.3.0.jar:/Users/jessica/.m2/repository/com/fasterxml/jackson/core/jackson-core/2.3.1/jackson-core-2.3.1.jar:/Users/jessica/.m2/repository/log4j/log4j/1.2.17/log4j-1.2.17.jar:/Users/jessica/.m2/repository/com/googlecode/json-simple/json-simple/1.1.1/json-simple-1.1.1.jar:/Users/jessica/.m2/repository/junit/junit/4.10/junit-4.10.jar:/Users/jessica/.m2/repository/org/hamcrest/hamcrest-core/1.1/hamcrest-core-1.1.jar:/Users/jessica/.m2/repository/com/google/guava/guava/31.0.1-jre/guava-31.0.1-jre.jar:/Users/jessica/.m2/repository/com/google/guava/failureaccess/1.0.1/failureaccess-1.0.1.jar:/Users/jessica/.m2/repository/com/google/guava/listenablefuture/9999.0-empty-to-avoid-conflict-with-guava/listenablefuture-9999.0-empty-to-avoid-conflict-with-guava.jar:/Users/jessica/.m2/repository/com/google/code/findbugs/jsr305/3.0.2/jsr305-3.0.2.jar:/Users/jessica/.m2/repository/org/checkerframework/checker-qual/3.12.0/checker-qual-3.12.0.jar:/Users/jessica/.m2/repository/com/google/errorprone/error_prone_annotations/2.7.1/error_prone_annotations-2.7.1.jar:/Users/jessica/.m2/repository/com/google/j2objc/j2objc-annotations/1.3/j2objc-annotations-1.3.jar:/Users/jessica/.m2/repository/io/qameta/allure/allure-testng/2.17.3/allure-testng-2.17.3.jar:/Users/jessica/.m2/repository/io/qameta/allure/allure-java-commons/2.17.3/allure-java-commons-2.17.3.jar:/Users/jessica/.m2/repository/io/qameta/allure/allure-model/2.17.3/allure-model-2.17.3.jar:/Users/jessica/.m2/repository/io/qameta/allure/allure-test-filter/2.17.3/allure-test-filter-2.17.3.jar:"/>
    <property name="sun.cpu.endian" value="little"/>
    <property name="user.home" value="/Users/jessica"/>
    <property name="user.language" value="en"/>
    <property name="java.specification.vendor" value="Oracle Corporation"/>
    <property name="java.home" value="/Library/Java/JavaVirtualMachines/jdk1.8.0_311.jdk/Contents/Home/jre"/>
    <property name="basedir" value="/Users/jessica/Documents/workspace/TestK"/>
    <property name="file.separator" value="/"/>
    <property name="line.separator" value="&#10;"/>
    <property name="java.vm.specification.vendor" value="Oracle Corporation"/>
    <property name="java.specification.name" value="Java Platform API Specification"/>
    <property name="java.awt.graphicsenv" value="sun.awt.CGraphicsEnvironment"/>
    <property name="surefire.real.class.path" value="/Users/jessica/Documents/workspace/TestK/target/surefire/surefirebooter4437969012363203613.jar:/Users/jessica/.m2/repository/org/aspectj/aspectjweaver/1.9.6/aspectjweaver-1.9.6.jar"/>
    <property name="sun.boot.class.path" value="/Library/Java/JavaVirtualMachines/jdk1.8.0_311.jdk/Contents/Home/jre/lib/resources.jar:/Library/Java/JavaVirtualMachines/jdk1.8.0_311.jdk/Contents/Home/jre/lib/rt.jar:/Library/Java/JavaVirtualMachines/jdk1.8.0_311.jdk/Contents/Home/jre/lib/sunrsasign.jar:/Library/Java/JavaVirtualMachines/jdk1.8.0_311.jdk/Contents/Home/jre/lib/jsse.jar:/Library/Java/JavaVirtualMachines/jdk1.8.0_311.jdk/Contents/Home/jre/lib/jce.jar:/Library/Java/JavaVirtualMachines/jdk1.8.0_311.jdk/Contents/Home/jre/lib/charsets.jar:/Library/Java/JavaVirtualMachines/jdk1.8.0_311.jdk/Contents/Home/jre/lib/jfr.jar:/Library/Java/JavaVirtualMachines/jdk1.8.0_311.jdk/Contents/Home/jre/classes"/>
    <property name="sun.management.compiler" value="HotSpot 64-Bit Tiered Compilers"/>
    <property name="java.runtime.version" value="1.8.0_311-b11"/>
    <property name="user.name" value="jessica"/>
    <property name="path.separator" value=":"/>
    <property name="os.version" value="10.16"/>
    <property name="java.endorsed.dirs" value="/Library/Java/JavaVirtualMachines/jdk1.8.0_311.jdk/Contents/Home/jre/lib/endorsed"/>
    <property name="java.runtime.name" value="Java(TM) SE Runtime Environment"/>
    <property name="file.encoding" value="UTF-8"/>
    <property name="java.vm.name" value="Java HotSpot(TM) 64-Bit Server VM"/>
    <property name="localRepository" value="/Users/jessica/.m2/repository"/>
    <property name="java.vendor.url.bug" value="http://bugreport.sun.com/bugreport/"/>
    <property name="java.io.tmpdir" value="/var/folders/f7/m5fr9w_95glgq2vj1xy2l7440000gq/T/"/>
    <property name="java.version" value="1.8.0_311"/>
    <property name="user.dir" value="/Users/jessica/Documents/workspace/TestK"/>
    <property name="os.arch" value="x86_64"/>
    <property name="java.vm.specification.name" value="Java Virtual Machine Specification"/>
    <property name="java.awt.printerjob" value="sun.lwawt.macosx.CPrinterJob"/>
    <property name="sun.os.patch.level" value="unknown"/>
    <property name="java.library.path" value="/Users/jessica/Library/Java/Extensions:/Library/Java/Extensions:/Network/Library/Java/Extensions:/System/Library/Java/Extensions:/usr/lib/java:."/>
    <property name="java.vm.info" value="mixed mode"/>
    <property name="java.vendor" value="Oracle Corporation"/>
    <property name="java.vm.version" value="25.311-b11"/>
    <property name="java.ext.dirs" value="/Users/jessica/Library/Java/Extensions:/Library/Java/JavaVirtualMachines/jdk1.8.0_311.jdk/Contents/Home/jre/lib/ext:/Library/Java/Extensions:/Network/Library/Java/Extensions:/System/Library/Java/Extensions:/usr/lib/java"/>
    <property name="sun.io.unicode.encoding" value="UnicodeBig"/>
    <property name="java.class.version" value="52.0"/>
  </properties>
  <testcase name="slidingMenu" classname="com.qa.tests.SlidingMenuTests" time="27.597">
    <system-out><![CDATA[2022-04-23-21-16-13
/Users/jessica/Documents/workspace/TestK/target/test-classes/app/AwesomeApp.app

********* Starting test:slidingMenu*********

I am in onTestStart method slidingMenu start
Swiped to open menu.
Verify Side Menu Title:
Actual text: Side menu - Expected text: Side menu
Verify Side Menu Body Text:
Actual text: Legend says that if you click on the button below, you may get the answer to the Ultimate Question of Life, the Universe, and Everything... - Expected text: Legend says that if you click on the button below, you may get the answer to the Ultimate Question of Life, the Universe, and Everything...
Clicked button: Located by By.chained({By.AccessibilityId: Get the ultimate answer})
Verify Pop up has appeared:
Actual text: 42 - Expected text: 42
Clicked button: Located by By.chained({By.AccessibilityId: OK})
Swiped to close menu.
The side menu has been dismissed and is not visible.
I am in onTestSuccess method slidingMenu succeed
]]></system-out>
    <system-err><![CDATA[SLF4J: Failed to load class "org.slf4j.impl.StaticLoggerBinder".
SLF4J: Defaulting to no-operation (NOP) logger implementation
SLF4J: See http://www.slf4j.org/codes.html#StaticLoggerBinder for further details.
Apr 23, 2022 9:16:21 PM io.appium.java_client.remote.AppiumCommandExecutor$1 lambda$0
INFO: Detected dialect: W3C
]]></system-err>
  </testcase>
  <testcase name="iOSDashboardTests" classname="com.qa.tests.IOSDashboardTests" time="11.298">
    <system-out><![CDATA[
********* Starting test:iOSDashboardTests*********

I am in onTestStart method iOSDashboardTests start
Clicked button: Located by By.chained({By.AccessibilityId: Dashboard tab})
Verify Bitcoin label:
Actual text: dashboard-title - Expected text: dashboard-title
Verify Bitcoin label:
Actual text: Coin-btc - Expected text: Coin-btc
I am in onTestSuccess method iOSDashboardTests succeed
]]></system-out>
  </testcase>
  <testcase name="IOSSettingFailTest" classname="com.qa.tests.IOSSettingsTests" time="4.384">
    <failure message="expected [error] but found [Only show &quot;Bitcoin&quot; coins]" type="java.lang.AssertionError"><![CDATA[java.lang.AssertionError: expected [error] but found [Only show "Bitcoin" coins]
	at org.testng.Assert.fail(Assert.java:99)
	at org.testng.Assert.failNotEquals(Assert.java:1037)
	at org.testng.Assert.assertEqualsImpl(Assert.java:140)
	at org.testng.Assert.assertEquals(Assert.java:122)
	at org.testng.Assert.assertEquals(Assert.java:629)
	at org.testng.Assert.assertEquals(Assert.java:639)
	at com.qa.BaseTest.verifyText(BaseTest.java:124)
	at com.qa.tests.IOSSettingsTests.IOSSettingFailTest(IOSSettingsTests.java:74)
	at sun.reflect.NativeMethodAccessorImpl.invoke0(Native Method)
	at sun.reflect.NativeMethodAccessorImpl.invoke(NativeMethodAccessorImpl.java:62)
	at sun.reflect.DelegatingMethodAccessorImpl.invoke(DelegatingMethodAccessorImpl.java:43)
	at java.lang.reflect.Method.invoke(Method.java:498)
	at org.testng.internal.MethodInvocationHelper.invokeMethod(MethodInvocationHelper.java:133)
	at org.testng.internal.TestInvoker.invokeMethod(TestInvoker.java:598)
	at org.testng.internal.TestInvoker.invokeTestMethod(TestInvoker.java:173)
	at org.testng.internal.MethodRunner.runInSequence(MethodRunner.java:46)
	at org.testng.internal.TestInvoker$MethodInvocationAgent.invoke(TestInvoker.java:824)
	at org.testng.internal.TestInvoker.invokeTestMethods(TestInvoker.java:146)
	at org.testng.internal.TestMethodWorker.invokeTestMethods(TestMethodWorker.java:146)
	at org.testng.internal.TestMethodWorker.run(TestMethodWorker.java:128)
	at java.util.ArrayList.forEach(ArrayList.java:1259)
	at org.testng.TestRunner.privateRun(TestRunner.java:794)
	at org.testng.TestRunner.run(TestRunner.java:596)
	at org.testng.SuiteRunner.runTest(SuiteRunner.java:377)
	at org.testng.SuiteRunner.runSequentially(SuiteRunner.java:371)
	at org.testng.SuiteRunner.privateRun(SuiteRunner.java:332)
	at org.testng.SuiteRunner.run(SuiteRunner.java:276)
	at org.testng.SuiteRunnerWorker.runSuite(SuiteRunnerWorker.java:53)
	at org.testng.SuiteRunnerWorker.run(SuiteRunnerWorker.java:96)
	at org.testng.TestNG.runSuitesSequentially(TestNG.java:1212)
	at org.testng.TestNG.runSuitesLocally(TestNG.java:1134)
	at org.testng.TestNG.runSuites(TestNG.java:1063)
	at org.testng.TestNG.run(TestNG.java:1031)
	at org.apache.maven.surefire.testng.TestNGExecutor.run(TestNGExecutor.java:324)
	at org.apache.maven.surefire.testng.TestNGXmlTestSuite.execute(TestNGXmlTestSuite.java:74)
	at org.apache.maven.surefire.testng.TestNGProvider.invoke(TestNGProvider.java:123)
	at org.apache.maven.surefire.booter.ForkedBooter.runSuitesInProcess(ForkedBooter.java:456)
	at org.apache.maven.surefire.booter.ForkedBooter.execute(ForkedBooter.java:169)
	at org.apache.maven.surefire.booter.ForkedBooter.run(ForkedBooter.java:595)
	at org.apache.maven.surefire.booter.ForkedBooter.main(ForkedBooter.java:581)
]]></failure>
    <system-out><![CDATA[
********* Starting test:IOSSettingFailTest*********

I am in onTestStart method IOSSettingFailTest start
Clicked button: Located by By.chained({By.AccessibilityId: Settings tab})
Verify Only Bitcoin text:
I am in onTestFailure method IOSSettingFailTest failed
Screenshot captured for test case:IOSSettingFailTest
]]></system-out>
  </testcase>
  <testcase name="iOSSettingsTest" classname="com.qa.tests.IOSSettingsTests" time="12.047">
    <system-out><![CDATA[
********* Starting test:iOSSettingsTest*********

I am in onTestStart method iOSSettingsTest start
Clicked button: Located by By.chained({By.AccessibilityId: Settings tab})
Verify Page Title:
Actual text: settings-title - Expected text: settings-title
Verify Only Bitcoin text:
Actual text: Only show "Bitcoin" coins - Expected text: Only show "Bitcoin" coins
Verify Only winners text:
Actual text: Only show winners - Expected text: Only show winners
Verify Only losers text:
Actual text: Only show losers - Expected text: Only show losers
I am in onTestSuccess method iOSSettingsTest succeed
]]></system-out>
  </testcase>
</testsuite>