<?xml version="1.0" encoding="UTF-8"?>
<!-- Generated by org.testng.reporters.JUnitReportReporter -->
<testsuite skipped="0" hostname="jlast-5659" name="com.qa.tests.SlidingMenuTests" tests="1" failures="0" timestamp="2022-04-23T19:08:19 MDT" time="27.521" errors="0">
  <testcase name="slidingMenu" time="27.521" classname="com.qa.tests.SlidingMenuTests"/>
  <system-out>
    <![CDATA[Swiped to open menu.
Verified that Side Menu Title. Actual text: Side menu - Expected text: Side menu
Verified that Side Menu Body Text. Actual text: Legend says that if you click on the button below, you may get the answer to the Ultimate Question of Life, the Universe, and Everything... - Expected text: Legend says that if you click on the button below, you may get the answer to the Ultimate Question of Life, the Universe, and Everything...
Clicked button: Located by By.chained({By.AccessibilityId: Get the ultimate answer})
Verified that Pop up has appeared. Actual text: 42 - Expected text: 42
Clicked button: Located by By.chained({By.AccessibilityId: OK})
Swiped to close menu.
The side menu has been dismissed and is not visible.]]>
  </system-out>
</testsuite> <!-- com.qa.tests.SlidingMenuTests -->
