<?xml version="1.0" encoding="UTF-8"?>
<!-- Generated by org.testng.reporters.JUnitReportReporter -->
<testsuite skipped="0" hostname="jlast-5659" name="com.qa.tests.IOSDashboardTests" tests="1" failures="0" timestamp="2022-04-23T21:17:18 MDT" time="11.323" errors="0">
  <testcase name="iOSDashboardTests" time="11.323" classname="com.qa.tests.IOSDashboardTests"/>
  <system-out>
    <![CDATA[Clicked button: Located by By.chained({By.AccessibilityId: Dashboard tab})
Verified that Bitcoin label. Actual text: dashboard-title - Expected text: dashboard-title
Verified that Bitcoin label. Actual text: Coin-btc - Expected text: Coin-btc]]>
  </system-out>
</testsuite> <!-- com.qa.tests.IOSDashboardTests -->
