<?xml version="1.0" encoding="UTF-8"?>
<!-- Generated by org.testng.reporters.JUnitReportReporter -->
<testsuite skipped="0" hostname="jlast-5659" name="com.qa.tests.DashboardTests" tests="1" failures="0" timestamp="2022-04-23T21:05:47 MDT" time="8.513" errors="0">
  <testcase name="dashboardTests" time="8.513" classname="com.qa.tests.DashboardTests"/>
  <system-out>
    <![CDATA[Clicked button: Located by By.chained({By.xpath: /hierarchy/android.widget.FrameLayout/android.widget.LinearLayout/android.widget.FrameLayout/android.widget.LinearLayout/android.widget.FrameLayout/android.widget.FrameLayout/android.view.ViewGroup[1]/android.view.ViewGroup/android.view.ViewGroup/android.view.ViewGroup/android.view.ViewGroup/android.view.ViewGroup/android.widget.FrameLayout/android.view.ViewGroup/android.view.ViewGroup/android.view.ViewGroup/android.view.ViewGroup[2]/android.view.ViewGroup/android.view.View/android.view.View[2]/android.view.ViewGroup/android.view.ViewGroup[1]/android.view.ViewGroup/android.widget.TextView})
Verified that 100 is a number in the correct format.
Verified that the title includes a number equal to or greater than 0 and "coins"
Verified that Bitcoin label. Actual text: Bitcoin - Expected text: Bitcoin
Verified that Bitcoin symbol. Actual text: BTC - Expected text: BTC
Verified Bitcoin price format includes the $ character and the . character
Verified that 9228.8 is a number in the correct format.
Verified Bitcoin price format includes the % character and the . character
Verified that 0.93 is a number in the correct format.]]>
  </system-out>
</testsuite> <!-- com.qa.tests.DashboardTests -->
